<?xml version="1.0" encoding="UTF-8">
<testsuites>
   <testsuite errors="0" failures="0" name="JUnit" tests="3">
       <testcase name="Should be able to instantiate" />
       <testcase name="Should have default line writer" />
       <testcase name="Should be able to set line writer" />
   </testsuite>
   <testsuite errors="0" failures="0" name="JUnit.addSuite" tests="2">
       <testcase name="Should be able to add a suite [#0]" />
       <testcase name="Should throw error if no name given" />
   </testsuite>
   <testsuite errors="0" failures="0" name="JUnit.addTest" tests="3">
       <testcase name="Should be able to add a test [#0]" />
       <testcase name="Should be able to add a test [#1]" />
       <testcase name="Should throw error if no name given" />
   </testsuite>
   <testsuite errors="0" failures="0" name="JUnit.write" tests="1">
       <testcase name="Should write xml correctly [#0]" />
   </testsuite>
</testsuites>
